2016-10-17 16:39:00,075 - rootLogger - INFO - All Excel Files Initialised successfully.
2016-10-17 16:39:00,077 - rootLogger - INFO - Param.properties file loaded successfully.
2016-10-17 16:39:00,078 - rootLogger - INFO - Execution started for SuiteOneBase.
2016-10-17 16:39:00,117 - rootLogger - INFO - All Excel Files Initialised successfully.
2016-10-17 16:39:00,117 - rootLogger - INFO - Param.properties file loaded successfully.
2016-10-17 16:39:00,118 - rootLogger - INFO - SuiteOneCaseOne : Execution started.
2016-10-17 16:39:05,477 - rootLogger - INFO - IE Driver Instance loaded successfully.
2016-10-17 16:39:11,849 - rootLogger - INFO - SuiteOneCaseOne : Reporting test data set line 1 as PASS In excel.
2016-10-17 16:39:16,459 - rootLogger - INFO - SuiteOneCaseOne : Reporting test data set line 2 as PASS In excel.
2016-10-17 16:39:16,481 - rootLogger - INFO - SuiteOneCaseOne : Reporting test case as PASS In excel.
2016-10-17 16:39:16,534 - rootLogger - INFO - All Excel Files Initialised successfully.
2016-10-17 16:39:16,534 - rootLogger - INFO - Param.properties file loaded successfully.
2016-10-17 16:39:18,508 - rootLogger - INFO - IE Driver Instance loaded successfully.
2016-10-17 16:39:27,078 - rootLogger - INFO - All Excel Files Initialised successfully.
2016-10-17 16:39:27,079 - rootLogger - INFO - Param.properties file loaded successfully.
2016-10-17 16:39:27,106 - rootLogger - INFO - All Excel Files Initialised successfully.
2016-10-17 16:39:27,114 - rootLogger - INFO - Param.properties file loaded successfully.
2016-10-17 16:39:29,116 - rootLogger - INFO - IE Driver Instance loaded successfully.
2016-10-17 16:39:37,662 - rootLogger - INFO - All Excel Files Initialised successfully.
2016-10-17 16:39:37,662 - rootLogger - INFO - Param.properties file loaded successfully.
2016-10-17 16:39:39,674 - rootLogger - INFO - IE Driver Instance loaded successfully.
