2016-10-17 17:19:09,340 - rootLogger - INFO - All Excel Files Initialised successfully.
2016-10-17 17:19:09,342 - rootLogger - INFO - Param.properties file loaded successfully.
2016-10-17 17:19:09,342 - rootLogger - INFO - Execution started for SuiteOneBase.
2016-10-17 17:19:09,387 - rootLogger - INFO - All Excel Files Initialised successfully.
2016-10-17 17:19:09,387 - rootLogger - INFO - Param.properties file loaded successfully.
2016-10-17 17:19:09,387 - rootLogger - INFO - SuiteOneCaseOne : Execution started.
2016-10-17 17:19:10,668 - rootLogger - INFO - Chrome Driver Instance loaded successfully.
2016-10-17 17:19:14,046 - rootLogger - INFO - Calc Sum Test Result Is :21
2016-10-17 17:19:14,048 - rootLogger - INFO - SuiteOneCaseOne : Reporting test data set line 1 as PASS In excel.
2016-10-17 17:19:15,245 - rootLogger - INFO - Calc Sum Test Result Is :13
2016-10-17 17:19:15,247 - rootLogger - INFO - SuiteOneCaseOne : Reporting test data set line 2 as PASS In excel.
2016-10-17 17:19:16,564 - rootLogger - INFO - SuiteOneCaseOne : Reporting test case as PASS In excel.
2016-10-17 17:19:16,640 - rootLogger - INFO - All Excel Files Initialised successfully.
2016-10-17 17:19:16,640 - rootLogger - INFO - Param.properties file loaded successfully.
2016-10-17 17:19:17,450 - rootLogger - INFO - Chrome Driver Instance loaded successfully.
2016-10-17 17:19:22,323 - rootLogger - INFO - All Excel Files Initialised successfully.
2016-10-17 17:19:22,324 - rootLogger - INFO - Param.properties file loaded successfully.
2016-10-17 17:19:22,353 - rootLogger - INFO - All Excel Files Initialised successfully.
2016-10-17 17:19:22,354 - rootLogger - INFO - Param.properties file loaded successfully.
2016-10-17 17:19:23,165 - rootLogger - INFO - Chrome Driver Instance loaded successfully.
2016-10-17 17:19:28,397 - rootLogger - INFO - All Excel Files Initialised successfully.
2016-10-17 17:19:28,397 - rootLogger - INFO - Param.properties file loaded successfully.
2016-10-17 17:19:29,220 - rootLogger - INFO - Chrome Driver Instance loaded successfully.
